# Logfile created on Fri Jun 15 14:54:47 +0100 2007 by logger.rb/1.5.2.9
  [4;36;1mSQL (0.000158)[0m   [0;1mSET SQL_AUTO_IS_NULL=0[0m
  [4;35;1mSQL (0.000000)[0m   [0mMysql::Error: Table 'schema_info' already exists: CREATE TABLE schema_info (version int(11))[0m
  [4;36;1mSQL (0.000000)[0m   [0;1mMysql::Error: Table 'schema_info' already exists: CREATE TABLE schema_info (version int(11))[0m
  [4;36;1mSQL (0.000135)[0m   [0;1mSET SQL_AUTO_IS_NULL=0[0m
  [4;35;1mSQL (0.000000)[0m   [0mMysql::Error: Table 'schema_info' already exists: CREATE TABLE schema_info (version int(11))[0m
  [4;36;1mSQL (0.000000)[0m   [0;1mMysql::Error: Table 'schema_info' already exists: CREATE TABLE schema_info (version int(11))[0m
  [4;35;1mSQL (0.000286)[0m   [0mSELECT version FROM schema_info[0m
  [4;36;1mSQL (0.000138)[0m   [0;1mSELECT version FROM schema_info[0m
  [4;35;1mSQL (0.000166)[0m   [0mSELECT version FROM schema_info[0m
  [4;36;1mSQL (0.000124)[0m   [0;1mSELECT version FROM schema_info[0m
  [4;35;1mSQL (0.000155)[0m   [0mSELECT version FROM schema_info[0m
Migrating to CreateArticles (5)
  [4;36;1mSQL (0.018722)[0m   [0;1mCREATE TABLE articles (`id` int(11) DEFAULT NULL auto_increment PRIMARY KEY, `user_id` int(11) DEFAULT NULL, `title` varchar(255) DEFAULT NULL, `synopsis` text(1000) DEFAULT NULL, `body` text(20000) DEFAULT NULL, `published` tinyint(1) DEFAULT 0, `created_at` datetime DEFAULT NULL, `updated_at` datetime DEFAULT NULL, `published_at` datetime DEFAULT NULL, `category_id` int(11) DEFAULT NULL) ENGINE=InnoDB[0m
  [4;35;1mSQL (0.000357)[0m   [0mUPDATE schema_info SET version = 5[0m
  [4;36;1mSQL (0.000224)[0m   [0;1mSELECT version FROM schema_info[0m
Migrating to CreateCategories (6)
  [4;35;1mSQL (0.002414)[0m   [0mCREATE TABLE categories (`id` int(11) DEFAULT NULL auto_increment PRIMARY KEY, `name` varchar(255) DEFAULT NULL) ENGINE=InnoDB[0m
  [4;36;1mCategory Columns (0.002133)[0m   [0;1mSHOW FIELDS FROM categories[0m
  [4;35;1mSQL (0.000485)[0m   [0mBEGIN[0m
  [4;36;1mSQL (0.000249)[0m   [0;1mINSERT INTO categories (`name`) VALUES('Site News')[0m
  [4;35;1mSQL (0.000597)[0m   [0mCOMMIT[0m
  [4;36;1mSQL (0.055528)[0m   [0;1mALTER TABLE articles CHANGE category_id category_id int(11) DEFAULT 1[0m
  [4;35;1mSQL (0.000523)[0m   [0mUPDATE schema_info SET version = 6[0m
  [4;36;1mSQL (0.000236)[0m   [0;1mSELECT version FROM schema_info[0m
Migrating to AddEditorRole (7)
  [4;35;1mRole Columns (0.002040)[0m   [0mSHOW FIELDS FROM roles[0m
  [4;36;1mSQL (0.000949)[0m   [0;1mBEGIN[0m
  [4;35;1mSQL (0.000499)[0m   [0mINSERT INTO roles (`name`) VALUES('Editor')[0m
  [4;36;1mSQL (0.000986)[0m   [0;1mCOMMIT[0m
  [4;35;1mUser Columns (0.004025)[0m   [0mSHOW FIELDS FROM users[0m
  [4;36;1mUser Load (0.001369)[0m   [0;1mSELECT * FROM users WHERE (users.`username` = 'Admin') LIMIT 1[0m
  [4;35;1mJoin Table Columns (0.001489)[0m   [0mSHOW FIELDS FROM roles_users[0m
  [4;36;1mRole Load (0.020685)[0m   [0;1mSELECT * FROM roles INNER JOIN roles_users ON roles.id = roles_users.role_id WHERE (roles_users.user_id = 1 ) [0m
  [4;35;1mSQL (0.000123)[0m   [0mBEGIN[0m
  [4;36;1mroles_users Columns (0.001855)[0m   [0;1mSHOW FIELDS FROM roles_users[0m
  [4;35;1mSQL (0.001269)[0m   [0mINSERT INTO roles_users (`role_id`, `user_id`) VALUES (2, 1)[0m
  [4;36;1mSQL (0.000570)[0m   [0;1mCOMMIT[0m
  [4;35;1mSQL (0.000298)[0m   [0mUPDATE schema_info SET version = 7[0m
  [4;36;1mSQL (0.000408)[0m   [0;1mSELECT * FROM schema_info[0m
  [4;35;1mSQL (0.000567)[0m   [0mSHOW TABLES[0m
  [4;36;1mSQL (0.002306)[0m   [0;1mSHOW FIELDS FROM articles[0m
  [4;35;1mSQL (0.000381)[0m   [0mSHOW KEYS FROM articles[0m
  [4;36;1mSQL (0.001505)[0m   [0;1mSHOW FIELDS FROM categories[0m
  [4;35;1mSQL (0.000547)[0m   [0mSHOW KEYS FROM categories[0m
  [4;36;1mSQL (0.001764)[0m   [0;1mSHOW FIELDS FROM pages[0m
  [4;35;1mSQL (0.000371)[0m   [0mSHOW KEYS FROM pages[0m
  [4;36;1mSQL (0.001610)[0m   [0;1mSHOW FIELDS FROM roles[0m
  [4;35;1mSQL (0.000549)[0m   [0mSHOW KEYS FROM roles[0m
  [4;36;1mSQL (0.001446)[0m   [0;1mSHOW FIELDS FROM roles_users[0m
  [4;35;1mSQL (0.000365)[0m   [0mSHOW KEYS FROM roles_users[0m
  [4;36;1mSQL (0.002046)[0m   [0;1mSHOW FIELDS FROM users[0m
  [4;35;1mSQL (0.000398)[0m   [0mSHOW KEYS FROM users[0m
