# Logfile created on Fri Jun 15 14:53:48 +0100 2007 by logger.rb/1.5.2.9
  [4;36;1mSQL (0.000153)[0m   [0;1mSET SQL_AUTO_IS_NULL=0[0m
  [4;35;1mSQL (0.000000)[0m   [0mMysql::Error: Table 'schema_info' already exists: CREATE TABLE schema_info (version int(11))[0m
  [4;36;1mSQL (0.000000)[0m   [0;1mMysql::Error: Table 'schema_info' already exists: CREATE TABLE schema_info (version int(11))[0m
  [4;36;1mSQL (0.000160)[0m   [0;1mSET SQL_AUTO_IS_NULL=0[0m
  [4;35;1mSQL (0.000000)[0m   [0mMysql::Error: Table 'schema_info' already exists: CREATE TABLE schema_info (version int(11))[0m
  [4;36;1mSQL (0.000000)[0m   [0;1mMysql::Error: Table 'schema_info' already exists: CREATE TABLE schema_info (version int(11))[0m
  [4;35;1mSQL (0.000327)[0m   [0mSELECT version FROM schema_info[0m
  [4;36;1mSQL (0.000203)[0m   [0;1mSELECT version FROM schema_info[0m
Migrating to CreateUsers (2)
  [4;35;1mSQL (0.037730)[0m   [0mCREATE TABLE users (`id` int(11) DEFAULT NULL auto_increment PRIMARY KEY, `username` varchar(64) NOT NULL, `email` varchar(128) NOT NULL, `hashed_password` varchar(64) DEFAULT NULL, `enabled` tinyint(1) DEFAULT 1 NOT NULL, `profile` text DEFAULT NULL, `created_at` datetime DEFAULT NULL, `updated_at` datetime DEFAULT NULL, `last_login_at` datetime DEFAULT NULL) ENGINE=InnoDB[0m
  [4;36;1mSQL (0.021460)[0m   [0;1mCREATE INDEX `index_users_on_username` ON users (`username`)[0m
  [4;35;1mSQL (0.000281)[0m   [0mUPDATE schema_info SET version = 2[0m
  [4;36;1mSQL (0.000139)[0m   [0;1mSELECT version FROM schema_info[0m
Migrating to CreateRoles (3)
  [4;35;1mSQL (0.002898)[0m   [0mCREATE TABLE roles (`id` int(11) DEFAULT NULL auto_increment PRIMARY KEY, `name` varchar(255) DEFAULT NULL) ENGINE=InnoDB[0m
  [4;36;1mRole Columns (0.002367)[0m   [0;1mSHOW FIELDS FROM roles[0m
  [4;35;1mSQL (0.000298)[0m   [0mBEGIN[0m
  [4;36;1mSQL (0.000226)[0m   [0;1mINSERT INTO roles (`name`) VALUES('Administrator')[0m
  [4;35;1mSQL (0.000659)[0m   [0mCOMMIT[0m
  [4;36;1mSQL (0.000227)[0m   [0;1mUPDATE schema_info SET version = 3[0m
  [4;35;1mSQL (0.000129)[0m   [0mSELECT version FROM schema_info[0m
Migrating to CreateRolesUsersJoin (4)
  [4;36;1mSQL (0.001978)[0m   [0;1mCREATE TABLE roles_users (`role_id` int(11) NOT NULL, `user_id` int(11) NOT NULL) ENGINE=InnoDB[0m
  [4;35;1mUser Columns (0.004486)[0m   [0mSHOW FIELDS FROM users[0m
  [4;36;1mSQL (0.002035)[0m   [0;1mBEGIN[0m
  [4;35;1mUser Load (0.015381)[0m   [0mSELECT * FROM users WHERE (LOWER(users.email) = 'admin@railscoders.net') LIMIT 1[0m
  [4;36;1mUser Load (0.000518)[0m   [0;1mSELECT * FROM users WHERE (LOWER(users.username) = 'admin') LIMIT 1[0m
  [4;35;1mSQL (0.000325)[0m   [0mINSERT INTO users (`last_login_at`, `updated_at`, `hashed_password`, `profile`, `username`, `enabled`, `created_at`, `email`) VALUES(NULL, '2007-06-15 14:54:22', '8c6976e5b5410415bde908bd4dee15dfb167a9c873fc4bb8a81f6f2ab448a918', 'Site Administrator', 'Admin', 1, '2007-06-15 14:54:22', 'admin@railscoders.net')[0m
  [4;36;1mSQL (0.000993)[0m   [0;1mCOMMIT[0m
  [4;35;1mRole Load (0.000639)[0m   [0mSELECT * FROM roles WHERE (roles.`name` = 'Administrator') LIMIT 1[0m
  [4;36;1mJoin Table Columns (0.002385)[0m   [0;1mSHOW FIELDS FROM roles_users[0m
  [4;35;1mRole Load (0.000537)[0m   [0mSELECT * FROM roles INNER JOIN roles_users ON roles.id = roles_users.role_id WHERE (roles_users.user_id = 1 ) [0m
  [4;36;1mSQL (0.000078)[0m   [0;1mBEGIN[0m
  [4;35;1mroles_users Columns (0.001442)[0m   [0mSHOW FIELDS FROM roles_users[0m
  [4;36;1mSQL (0.000407)[0m   [0;1mINSERT INTO roles_users (`role_id`, `user_id`) VALUES (1, 1)[0m
  [4;35;1mSQL (0.000566)[0m   [0mCOMMIT[0m
  [4;36;1mSQL (0.000208)[0m   [0;1mUPDATE schema_info SET version = 4[0m
  [4;35;1mSQL (0.002989)[0m   [0mSELECT * FROM schema_info[0m
  [4;36;1mSQL (0.000947)[0m   [0;1mSHOW TABLES[0m
  [4;35;1mSQL (0.003267)[0m   [0mSHOW FIELDS FROM pages[0m
  [4;36;1mSQL (0.002198)[0m   [0;1mSHOW KEYS FROM pages[0m
  [4;35;1mSQL (0.001699)[0m   [0mSHOW FIELDS FROM roles[0m
  [4;36;1mSQL (0.000462)[0m   [0;1mSHOW KEYS FROM roles[0m
  [4;35;1mSQL (0.001598)[0m   [0mSHOW FIELDS FROM roles_users[0m
  [4;36;1mSQL (0.000686)[0m   [0;1mSHOW KEYS FROM roles_users[0m
  [4;35;1mSQL (0.001637)[0m   [0mSHOW FIELDS FROM users[0m
  [4;36;1mSQL (0.000349)[0m   [0;1mSHOW KEYS FROM users[0m
